<?xml version="1.0" encoding="UTF-8"?>
<!-- Generated by org.testng.reporters.JUnitReportReporter -->
<testsuite hostname="CHEENU" failures="0" tests="6" name="org.test.A" time="54.342" errors="0" timestamp="2022-12-20T18:19:01 IST" skipped="2">
  <testcase classname="org.test.A" name="amaze" time="20.452"/>
  <system-out/>
  <testcase classname="org.test.A" name="amaze" time="9.192"/>
  <system-out/>
  <testcase classname="org.test.A" name="amaze" time="14.757"/>
  <system-out/>
  <testcase classname="org.test.A" name="amaze" time="9.941"/>
  <system-out/>
  <testcase classname="org.test.A" name="fb">
    <skipped/>
  </testcase> <!-- fb -->
  <system-out/>
  <testcase classname="org.test.A" name="tc13">
    <skipped/>
  </testcase> <!-- tc13 -->
  <system-out/>
</testsuite> <!-- org.test.A -->
