<?xml version="1.0" encoding="UTF-8"?>
<!-- Generated by org.testng.reporters.JUnitReportReporter -->
<testsuite hostname="CHEENU" failures="0" tests="7" name="org.test.Testng" time="72.720" errors="0" timestamp="2022-12-20T00:06:48 IST" skipped="0">
  <testcase classname="org.test.Testng" name="tc6" time="6.430"/>
  <system-out/>
  <testcase classname="org.test.Testng" name="tc1" time="0.818"/>
  <system-out/>
  <testcase classname="org.test.Testng" name="tc7" time="4.745"/>
  <system-out/>
  <testcase classname="org.test.Testng" name="tc2" time="8.209"/>
  <system-out/>
  <testcase classname="org.test.Testng" name="tc5" time="1.291"/>
  <system-out/>
  <testcase classname="org.test.Testng" name="tc3" time="5.664"/>
  <system-out/>
  <testcase classname="org.test.Testng" name="tc4" time="45.563"/>
  <system-out/>
</testsuite> <!-- org.test.Testng -->
