<?xml version="1.0" encoding="UTF-8"?>
<!-- Generated by org.testng.reporters.JUnitReportReporter -->
<testsuite hostname="CHEENU" failures="0" tests="3" name="org.test.B" time="0.004" errors="0" timestamp="2022-12-20T00:06:48 IST" skipped="0">
  <testcase classname="org.test.B" name="tc22" time="0.001"/>
  <system-out/>
  <testcase classname="org.test.B" name="tc23" time="0.001"/>
  <system-out/>
  <testcase classname="org.test.B" name="tc21" time="0.002"/>
  <system-out/>
</testsuite> <!-- org.test.B -->
