<?xml version="1.0" encoding="UTF-8"?>
<!-- Generated by org.testng.reporters.JUnitReportReporter -->
<testsuite hostname="CHEENU" failures="0" tests="3" name="org.test.crossBrowser" time="143.481" errors="0" timestamp="2022-12-21T00:21:58 IST" skipped="0">
  <testcase classname="org.test.crossBrowser" name="tc1" time="50.441"/>
  <system-out/>
  <testcase classname="org.test.crossBrowser" name="tc1" time="51.088"/>
  <system-out/>
  <testcase classname="org.test.crossBrowser" name="tc1" time="41.952"/>
  <system-out/>
</testsuite> <!-- org.test.crossBrowser -->
