<?xml version="1.0" encoding="UTF-8"?>
<!-- Generated by org.testng.reporters.JUnitReportReporter -->
<testsuite hostname="CHEENU" failures="0" tests="4" name="org.inmakestest.testNG" time="9.299" errors="0" timestamp="2022-12-31T20:34:15 IST" skipped="0">
  <testcase classname="org.inmakestest.testNG" name="tc1" time="2.205"/>
  <system-out/>
  <testcase classname="org.inmakestest.testNG" name="tc4" time="1.281"/>
  <system-out/>
  <testcase classname="org.inmakestest.testNG" name="tc2" time="3.227"/>
  <system-out/>
  <testcase classname="org.inmakestest.testNG" name="tc3" time="2.586"/>
  <system-out/>
</testsuite> <!-- org.inmakestest.testNG -->
